<?xml version="1.0" encoding="UTF-8"?>
<testsuite name="com.ceiba.tiendatecnologica.dominio.unitaria.ProductoTest" tests="1" skipped="0" failures="0" errors="0" timestamp="2020-07-17T19:55:43" hostname="DESKTOP-F30ROVG" time="0.011">
  <properties/>
  <testcase name="crearProductoTest" classname="com.ceiba.tiendatecnologica.dominio.unitaria.ProductoTest" time="0.011"/>
  <system-out><![CDATA[]]></system-out>
  <system-err><![CDATA[]]></system-err>
</testsuite>
