<?xml version="1.0" encoding="UTF-8"?>
<testsuite name="com.ceiba.tiendatecnologica.TiendaTecnologicaApplicationTests" tests="1" skipped="0" failures="0" errors="0" timestamp="2020-07-17T19:56:06" hostname="DESKTOP-F30ROVG" time="0.004">
  <properties/>
  <testcase name="contextLoads" classname="com.ceiba.tiendatecnologica.TiendaTecnologicaApplicationTests" time="0.004"/>
  <system-out><![CDATA[2020-07-17 14:56:03.550  INFO 17596 --- [    Test worker] .b.t.c.SpringBootTestContextBootstrapper : Neither @ContextConfiguration nor @ContextHierarchy found for test class [com.ceiba.tiendatecnologica.TiendaTecnologicaApplicationTests], using SpringBootContextLoader
2020-07-17 14:56:03.551  INFO 17596 --- [    Test worker] o.s.t.c.support.AbstractContextLoader    : Could not detect default resource locations for test class [com.ceiba.tiendatecnologica.TiendaTecnologicaApplicationTests]: no resource found for suffixes {-context.xml, Context.groovy}.
2020-07-17 14:56:03.551  INFO 17596 --- [    Test worker] t.c.s.AnnotationConfigContextLoaderUtils : Could not detect default configuration classes for test class [com.ceiba.tiendatecnologica.TiendaTecnologicaApplicationTests]: TiendaTecnologicaApplicationTests does not declare any static, non-private, non-final, nested classes annotated with @Configuration.
2020-07-17 14:56:03.558  INFO 17596 --- [    Test worker] .b.t.c.SpringBootTestContextBootstrapper : Found @SpringBootConfiguration com.ceiba.tiendatecnologica.TiendaTecnologicaApplication for test class com.ceiba.tiendatecnologica.TiendaTecnologicaApplicationTests
2020-07-17 14:56:03.561  INFO 17596 --- [    Test worker] .b.t.c.SpringBootTestContextBootstrapper : Loaded default TestExecutionListener class names from location [META-INF/spring.factories]: [org.springframework.boot.test.autoconfigure.restdocs.RestDocsTestExecutionListener, org.springframework.boot.test.autoconfigure.web.client.MockRestServiceServerResetTestExecutionListener, org.springframework.boot.test.autoconfigure.web.servlet.MockMvcPrintOnlyOnFailureTestExecutionListener, org.springframework.boot.test.autoconfigure.web.servlet.WebDriverTestExecutionListener, org.springframework.boot.test.mock.mockito.MockitoTestExecutionListener, org.springframework.boot.test.mock.mockito.ResetMocksTestExecutionListener, org.springframework.test.context.web.ServletTestExecutionListener, org.springframework.test.context.support.DirtiesContextBeforeModesTestExecutionListener, org.springframework.test.context.support.DependencyInjectionTestExecutionListener, org.springframework.test.context.support.DirtiesContextTestExecutionListener, org.springframework.test.context.transaction.TransactionalTestExecutionListener, org.springframework.test.context.jdbc.SqlScriptsTestExecutionListener]
2020-07-17 14:56:03.562  INFO 17596 --- [    Test worker] .b.t.c.SpringBootTestContextBootstrapper : Using TestExecutionListeners: [org.springframework.test.context.web.ServletTestExecutionListener@2f7b270, org.springframework.test.context.support.DirtiesContextBeforeModesTestExecutionListener@12faf95f, org.springframework.boot.test.mock.mockito.MockitoTestExecutionListener@234caaf7, org.springframework.boot.test.autoconfigure.SpringBootDependencyInjectionTestExecutionListener@1c1241ba, org.springframework.test.context.support.DirtiesContextTestExecutionListener@23c9147a, org.springframework.test.context.transaction.TransactionalTestExecutionListener@66bc315d, org.springframework.test.context.jdbc.SqlScriptsTestExecutionListener@2061246f, org.springframework.boot.test.autoconfigure.restdocs.RestDocsTestExecutionListener@2ef0ae48, org.springframework.boot.test.autoconfigure.web.client.MockRestServiceServerResetTestExecutionListener@45711528, org.springframework.boot.test.autoconfigure.web.servlet.MockMvcPrintOnlyOnFailureTestExecutionListener@4240f202, org.springframework.boot.test.autoconfigure.web.servlet.WebDriverTestExecutionListener@6b2be479, org.springframework.boot.test.mock.mockito.ResetMocksTestExecutionListener@408285ba]

  .   ____          _            __ _ _
 /\\ / ___'_ __ _ _(_)_ __  __ _ \ \ \ \
( ( )\___ | '_ | '_| | '_ \/ _` | \ \ \ \
 \\/  ___)| |_)| | | | | || (_| |  ) ) ) )
  '  |____| .__|_| |_|_| |_\__, | / / / /
 =========|_|==============|___/=/_/_/_/
 :: Spring Boot ::        (v2.1.8.RELEASE)

2020-07-17 14:56:03.613  INFO 17596 --- [    Test worker] c.c.t.TiendaTecnologicaApplicationTests  : Starting TiendaTecnologicaApplicationTests on DESKTOP-F30ROVG with PID 17596 (started by ASUS in C:\Users\ASUS\Documents\ERIKA-PERSONALES\CEIBA\prueba\tienda-tecnologica)
2020-07-17 14:56:03.613  INFO 17596 --- [    Test worker] c.c.t.TiendaTecnologicaApplicationTests  : No active profile set, falling back to default profiles: default
2020-07-17 14:56:04.309  INFO 17596 --- [    Test worker] .s.d.r.c.RepositoryConfigurationDelegate : Bootstrapping Spring Data repositories in DEFAULT mode.
2020-07-17 14:56:04.330  INFO 17596 --- [    Test worker] .s.d.r.c.RepositoryConfigurationDelegate : Finished Spring Data repository scanning in 20ms. Found 0 repository interfaces.
2020-07-17 14:56:04.453  INFO 17596 --- [    Test worker] trationDelegate$BeanPostProcessorChecker : Bean 'org.springframework.transaction.annotation.ProxyTransactionManagementConfiguration' of type [org.springframework.transaction.annotation.ProxyTransactionManagementConfiguration$$EnhancerBySpringCGLIB$$b2810b2c] is not eligible for getting processed by all BeanPostProcessors (for example: not eligible for auto-proxying)
2020-07-17 14:56:04.598  INFO 17596 --- [    Test worker] com.zaxxer.hikari.HikariDataSource       : HikariPool-2 - Starting...
2020-07-17 14:56:04.599  INFO 17596 --- [    Test worker] com.zaxxer.hikari.HikariDataSource       : HikariPool-2 - Start completed.
2020-07-17 14:56:04.637  INFO 17596 --- [    Test worker] o.hibernate.jpa.internal.util.LogHelper  : HHH000204: Processing PersistenceUnitInfo [
	name: default
	...]
2020-07-17 14:56:04.655  INFO 17596 --- [    Test worker] org.hibernate.dialect.Dialect            : HHH000400: Using dialect: org.hibernate.dialect.H2Dialect
2020-07-17 14:56:04.754  INFO 17596 --- [    Test worker] o.h.t.schema.internal.SchemaCreatorImpl  : HHH000476: Executing import script 'org.hibernate.tool.schema.internal.exec.ScriptSourceInputNonExistentImpl@1ff90ab8'
2020-07-17 14:56:04.755  INFO 17596 --- [    Test worker] o.h.h.i.QueryTranslatorFactoryInitiator  : HHH000397: Using ASTQueryTranslatorFactory
2020-07-17 14:56:04.767  INFO 17596 --- [    Test worker] j.LocalContainerEntityManagerFactoryBean : Initialized JPA EntityManagerFactory for persistence unit 'default'
2020-07-17 14:56:05.267  WARN 17596 --- [    Test worker] aWebConfiguration$JpaWebMvcConfiguration : spring.jpa.open-in-view is enabled by default. Therefore, database queries may be performed during view rendering. Explicitly configure spring.jpa.open-in-view to disable this warning
2020-07-17 14:56:05.543  INFO 17596 --- [    Test worker] pertySourcedRequestMappingHandlerMapping : Mapped URL path [/v2/api-docs] onto method [public org.springframework.http.ResponseEntity<springfox.documentation.spring.web.json.Json> springfox.documentation.swagger2.web.Swagger2Controller.getDocumentation(java.lang.String,javax.servlet.http.HttpServletRequest)]
2020-07-17 14:56:05.931  INFO 17596 --- [    Test worker] o.s.s.concurrent.ThreadPoolTaskExecutor  : Initializing ExecutorService 'applicationTaskExecutor'
2020-07-17 14:56:06.334  INFO 17596 --- [    Test worker] d.s.w.p.DocumentationPluginsBootstrapper : Context refreshed
2020-07-17 14:56:06.336  INFO 17596 --- [    Test worker] d.s.w.p.DocumentationPluginsBootstrapper : Found 1 custom documentation plugin(s)
2020-07-17 14:56:06.347  INFO 17596 --- [    Test worker] s.d.s.w.s.ApiListingReferenceScanner     : Scanning for api listing references
2020-07-17 14:56:06.485  INFO 17596 --- [    Test worker] .d.s.w.r.o.CachingOperationNameGenerator : Generating unique operation named: buscarUsingGET_1
2020-07-17 14:56:06.494  INFO 17596 --- [    Test worker] c.c.t.TiendaTecnologicaApplicationTests  : Started TiendaTecnologicaApplicationTests in 2.927 seconds (JVM running for 24.852)
]]></system-out>
  <system-err><![CDATA[]]></system-err>
</testsuite>
