<?xml version="1.0" encoding="UTF-8"?>
<testsuite name="com.ceiba.tiendatecnologica.infraestructura.ControladorGarantiaTest" tests="1" skipped="0" failures="0" errors="0" timestamp="2020-07-17T19:56:02" hostname="DESKTOP-F30ROVG" time="0.824">
  <properties/>
  <testcase name="generarGarantiaProducto" classname="com.ceiba.tiendatecnologica.infraestructura.ControladorGarantiaTest" time="0.824"/>
  <system-out><![CDATA[14:55:45.045 [Test worker] DEBUG org.springframework.test.context.junit4.SpringJUnit4ClassRunner - SpringJUnit4ClassRunner constructor called with [class com.ceiba.tiendatecnologica.infraestructura.ControladorGarantiaTest]
14:55:45.095 [Test worker] DEBUG org.springframework.test.context.BootstrapUtils - Instantiating CacheAwareContextLoaderDelegate from class [org.springframework.test.context.cache.DefaultCacheAwareContextLoaderDelegate]
14:55:45.142 [Test worker] DEBUG org.springframework.test.context.BootstrapUtils - Instantiating BootstrapContext using constructor [public org.springframework.test.context.support.DefaultBootstrapContext(java.lang.Class,org.springframework.test.context.CacheAwareContextLoaderDelegate)]
14:55:45.270 [Test worker] DEBUG org.springframework.test.context.BootstrapUtils - Instantiating TestContextBootstrapper for test class [com.ceiba.tiendatecnologica.infraestructura.ControladorGarantiaTest] from class [org.springframework.boot.test.context.SpringBootTestContextBootstrapper]
14:55:45.320 [Test worker] INFO org.springframework.boot.test.context.SpringBootTestContextBootstrapper - Neither @ContextConfiguration nor @ContextHierarchy found for test class [com.ceiba.tiendatecnologica.infraestructura.ControladorGarantiaTest], using SpringBootContextLoader
14:55:45.338 [Test worker] DEBUG org.springframework.test.context.support.AbstractContextLoader - Did not detect default resource location for test class [com.ceiba.tiendatecnologica.infraestructura.ControladorGarantiaTest]: class path resource [com/ceiba/tiendatecnologica/infraestructura/ControladorGarantiaTest-context.xml] does not exist
14:55:45.339 [Test worker] DEBUG org.springframework.test.context.support.AbstractContextLoader - Did not detect default resource location for test class [com.ceiba.tiendatecnologica.infraestructura.ControladorGarantiaTest]: class path resource [com/ceiba/tiendatecnologica/infraestructura/ControladorGarantiaTestContext.groovy] does not exist
14:55:45.339 [Test worker] INFO org.springframework.test.context.support.AbstractContextLoader - Could not detect default resource locations for test class [com.ceiba.tiendatecnologica.infraestructura.ControladorGarantiaTest]: no resource found for suffixes {-context.xml, Context.groovy}.
14:55:45.342 [Test worker] INFO org.springframework.test.context.support.AnnotationConfigContextLoaderUtils - Could not detect default configuration classes for test class [com.ceiba.tiendatecnologica.infraestructura.ControladorGarantiaTest]: ControladorGarantiaTest does not declare any static, non-private, non-final, nested classes annotated with @Configuration.
14:55:45.520 [Test worker] DEBUG org.springframework.test.context.support.ActiveProfilesUtils - Could not find an 'annotation declaring class' for annotation type [org.springframework.test.context.ActiveProfiles] and class [com.ceiba.tiendatecnologica.infraestructura.ControladorGarantiaTest]
14:55:45.839 [Test worker] DEBUG org.springframework.context.annotation.ClassPathScanningCandidateComponentProvider - Identified candidate component class: file [C:\Users\ASUS\Documents\ERIKA-PERSONALES\CEIBA\prueba\tienda-tecnologica\build\classes\java\main\com\ceiba\tiendatecnologica\TiendaTecnologicaApplication.class]
14:55:45.842 [Test worker] INFO org.springframework.boot.test.context.SpringBootTestContextBootstrapper - Found @SpringBootConfiguration com.ceiba.tiendatecnologica.TiendaTecnologicaApplication for test class com.ceiba.tiendatecnologica.infraestructura.ControladorGarantiaTest
14:55:46.305 [Test worker] DEBUG org.springframework.boot.test.context.SpringBootTestContextBootstrapper - @TestExecutionListeners is not present for class [com.ceiba.tiendatecnologica.infraestructura.ControladorGarantiaTest]: using defaults.
14:55:46.306 [Test worker] INFO org.springframework.boot.test.context.SpringBootTestContextBootstrapper - Loaded default TestExecutionListener class names from location [META-INF/spring.factories]: [org.springframework.boot.test.autoconfigure.restdocs.RestDocsTestExecutionListener, org.springframework.boot.test.autoconfigure.web.client.MockRestServiceServerResetTestExecutionListener, org.springframework.boot.test.autoconfigure.web.servlet.MockMvcPrintOnlyOnFailureTestExecutionListener, org.springframework.boot.test.autoconfigure.web.servlet.WebDriverTestExecutionListener, org.springframework.boot.test.mock.mockito.MockitoTestExecutionListener, org.springframework.boot.test.mock.mockito.ResetMocksTestExecutionListener, org.springframework.test.context.web.ServletTestExecutionListener, org.springframework.test.context.support.DirtiesContextBeforeModesTestExecutionListener, org.springframework.test.context.support.DependencyInjectionTestExecutionListener, org.springframework.test.context.support.DirtiesContextTestExecutionListener, org.springframework.test.context.transaction.TransactionalTestExecutionListener, org.springframework.test.context.jdbc.SqlScriptsTestExecutionListener]
14:55:46.403 [Test worker] INFO org.springframework.boot.test.context.SpringBootTestContextBootstrapper - Using TestExecutionListeners: [org.springframework.test.context.web.ServletTestExecutionListener@183d9e39, org.springframework.test.context.support.DirtiesContextBeforeModesTestExecutionListener@2fbf3a20, org.springframework.boot.test.mock.mockito.MockitoTestExecutionListener@47e9b97, org.springframework.boot.test.autoconfigure.SpringBootDependencyInjectionTestExecutionListener@3341c4c7, org.springframework.test.context.support.DirtiesContextTestExecutionListener@47f958c0, org.springframework.test.context.transaction.TransactionalTestExecutionListener@11c10425, org.springframework.test.context.jdbc.SqlScriptsTestExecutionListener@611387a9, org.springframework.boot.test.autoconfigure.restdocs.RestDocsTestExecutionListener@5c4910b0, org.springframework.boot.test.autoconfigure.web.client.MockRestServiceServerResetTestExecutionListener@51fb7ca1, org.springframework.boot.test.autoconfigure.web.servlet.MockMvcPrintOnlyOnFailureTestExecutionListener@4802aa97, org.springframework.boot.test.autoconfigure.web.servlet.WebDriverTestExecutionListener@35d152f1, org.springframework.boot.test.mock.mockito.ResetMocksTestExecutionListener@2109086b]
14:55:46.415 [Test worker] DEBUG org.springframework.test.annotation.ProfileValueUtils - Retrieved @ProfileValueSourceConfiguration [null] for test class [com.ceiba.tiendatecnologica.infraestructura.ControladorGarantiaTest]
14:55:46.417 [Test worker] DEBUG org.springframework.test.annotation.ProfileValueUtils - Retrieved ProfileValueSource type [class org.springframework.test.annotation.SystemProfileValueSource] for class [com.ceiba.tiendatecnologica.infraestructura.ControladorGarantiaTest]
14:55:46.418 [Test worker] DEBUG org.springframework.test.annotation.ProfileValueUtils - Retrieved @ProfileValueSourceConfiguration [null] for test class [com.ceiba.tiendatecnologica.infraestructura.ControladorGarantiaTest]
14:55:46.418 [Test worker] DEBUG org.springframework.test.annotation.ProfileValueUtils - Retrieved ProfileValueSource type [class org.springframework.test.annotation.SystemProfileValueSource] for class [com.ceiba.tiendatecnologica.infraestructura.ControladorGarantiaTest]
14:55:46.707 [Test worker] DEBUG org.springframework.test.context.support.AbstractDirtiesContextTestExecutionListener - Before test class: context [DefaultTestContext@43ef33e6 testClass = ControladorGarantiaTest, testInstance = [null], testMethod = [null], testException = [null], mergedContextConfiguration = [WebMergedContextConfiguration@1fa3641f testClass = ControladorGarantiaTest, locations = '{}', classes = '{class com.ceiba.tiendatecnologica.TiendaTecnologicaApplication}', contextInitializerClasses = '[]', activeProfiles = '{}', propertySourceLocations = '{}', propertySourceProperties = '{org.springframework.boot.test.context.SpringBootTestContextBootstrapper=true}', contextCustomizers = set[org.springframework.boot.test.autoconfigure.properties.PropertyMappingContextCustomizer@e7e8512, org.springframework.boot.test.autoconfigure.web.servlet.WebDriverContextCustomizerFactory$Customizer@459d2cc0, [ImportsContextCustomizer@6cdc54e7 key = [org.springframework.boot.test.autoconfigure.web.servlet.MockMvcAutoConfiguration, org.springframework.boot.test.autoconfigure.web.servlet.MockMvcSecurityAutoConfiguration, org.springframework.boot.test.autoconfigure.web.servlet.MockMvcWebClientAutoConfiguration, org.springframework.boot.test.autoconfigure.web.servlet.MockMvcWebDriverAutoConfiguration]], org.springframework.boot.test.context.filter.ExcludeFilterContextCustomizer@72190436, org.springframework.boot.test.json.DuplicateJsonObjectContextCustomizerFactory$DuplicateJsonObjectContextCustomizer@3641b5bd, org.springframework.boot.test.mock.mockito.MockitoContextCustomizer@0, org.springframework.boot.test.web.client.TestRestTemplateContextCustomizer@20f0fa6f], resourceBasePath = 'src/main/webapp', contextLoader = 'org.springframework.boot.test.context.SpringBootContextLoader', parent = [null]], attributes = map['org.springframework.test.context.web.ServletTestExecutionListener.activateListener' -> true]], class annotated with @DirtiesContext [false] with mode [null].
14:55:46.710 [Test worker] DEBUG org.springframework.test.annotation.ProfileValueUtils - Retrieved @ProfileValueSourceConfiguration [null] for test class [com.ceiba.tiendatecnologica.infraestructura.ControladorGarantiaTest]
14:55:46.711 [Test worker] DEBUG org.springframework.test.annotation.ProfileValueUtils - Retrieved ProfileValueSource type [class org.springframework.test.annotation.SystemProfileValueSource] for class [com.ceiba.tiendatecnologica.infraestructura.ControladorGarantiaTest]
14:55:46.802 [Test worker] DEBUG org.springframework.test.context.support.TestPropertySourceUtils - Adding inlined properties to environment: {spring.jmx.enabled=false, org.springframework.boot.test.context.SpringBootTestContextBootstrapper=true, server.port=-1}

  .   ____          _            __ _ _
 /\\ / ___'_ __ _ _(_)_ __  __ _ \ \ \ \
( ( )\___ | '_ | '_| | '_ \/ _` | \ \ \ \
 \\/  ___)| |_)| | | | | || (_| |  ) ) ) )
  '  |____| .__|_| |_|_| |_\__, | / / / /
 =========|_|==============|___/=/_/_/_/
 :: Spring Boot ::        (v2.1.8.RELEASE)

2020-07-17 14:55:47.826  INFO 17596 --- [    Test worker] c.c.t.i.ControladorGarantiaTest          : Starting ControladorGarantiaTest on DESKTOP-F30ROVG with PID 17596 (started by ASUS in C:\Users\ASUS\Documents\ERIKA-PERSONALES\CEIBA\prueba\tienda-tecnologica)
2020-07-17 14:55:47.829  INFO 17596 --- [    Test worker] c.c.t.i.ControladorGarantiaTest          : No active profile set, falling back to default profiles: default
2020-07-17 14:55:50.668  INFO 17596 --- [    Test worker] .s.d.r.c.RepositoryConfigurationDelegate : Bootstrapping Spring Data repositories in DEFAULT mode.
2020-07-17 14:55:50.772  INFO 17596 --- [    Test worker] .s.d.r.c.RepositoryConfigurationDelegate : Finished Spring Data repository scanning in 68ms. Found 0 repository interfaces.
2020-07-17 14:55:52.146  INFO 17596 --- [    Test worker] trationDelegate$BeanPostProcessorChecker : Bean 'org.springframework.transaction.annotation.ProxyTransactionManagementConfiguration' of type [org.springframework.transaction.annotation.ProxyTransactionManagementConfiguration$$EnhancerBySpringCGLIB$$b2810b2c] is not eligible for getting processed by all BeanPostProcessors (for example: not eligible for auto-proxying)
2020-07-17 14:55:52.689  INFO 17596 --- [    Test worker] com.zaxxer.hikari.HikariDataSource       : HikariPool-1 - Starting...
2020-07-17 14:55:53.596  INFO 17596 --- [    Test worker] com.zaxxer.hikari.HikariDataSource       : HikariPool-1 - Start completed.
2020-07-17 14:55:53.810  INFO 17596 --- [    Test worker] o.hibernate.jpa.internal.util.LogHelper  : HHH000204: Processing PersistenceUnitInfo [
	name: default
	...]
2020-07-17 14:55:54.069  INFO 17596 --- [    Test worker] org.hibernate.Version                    : HHH000412: Hibernate Core {5.2.9.Final}
2020-07-17 14:55:54.073  INFO 17596 --- [    Test worker] org.hibernate.cfg.Environment            : HHH000206: hibernate.properties not found
2020-07-17 14:55:54.210  INFO 17596 --- [    Test worker] o.hibernate.annotations.common.Version   : HCANN000001: Hibernate Commons Annotations {5.0.1.Final}
2020-07-17 14:55:54.721  INFO 17596 --- [    Test worker] org.hibernate.dialect.Dialect            : HHH000400: Using dialect: org.hibernate.dialect.H2Dialect
2020-07-17 14:55:56.747  INFO 17596 --- [    Test worker] o.h.t.schema.internal.SchemaCreatorImpl  : HHH000476: Executing import script 'org.hibernate.tool.schema.internal.exec.ScriptSourceInputNonExistentImpl@1ff90ab8'
2020-07-17 14:55:56.763  INFO 17596 --- [    Test worker] o.h.h.i.QueryTranslatorFactoryInitiator  : HHH000397: Using ASTQueryTranslatorFactory
2020-07-17 14:55:57.190  INFO 17596 --- [    Test worker] j.LocalContainerEntityManagerFactoryBean : Initialized JPA EntityManagerFactory for persistence unit 'default'
2020-07-17 14:55:58.449  WARN 17596 --- [    Test worker] aWebConfiguration$JpaWebMvcConfiguration : spring.jpa.open-in-view is enabled by default. Therefore, database queries may be performed during view rendering. Explicitly configure spring.jpa.open-in-view to disable this warning
2020-07-17 14:55:59.042  INFO 17596 --- [    Test worker] pertySourcedRequestMappingHandlerMapping : Mapped URL path [/v2/api-docs] onto method [public org.springframework.http.ResponseEntity<springfox.documentation.spring.web.json.Json> springfox.documentation.swagger2.web.Swagger2Controller.getDocumentation(java.lang.String,javax.servlet.http.HttpServletRequest)]
2020-07-17 14:56:00.337  INFO 17596 --- [    Test worker] o.s.s.concurrent.ThreadPoolTaskExecutor  : Initializing ExecutorService 'applicationTaskExecutor'
2020-07-17 14:56:01.288  INFO 17596 --- [    Test worker] o.s.b.t.m.w.SpringBootMockServletContext : Initializing Spring TestDispatcherServlet ''
2020-07-17 14:56:01.288  INFO 17596 --- [    Test worker] o.s.t.web.servlet.TestDispatcherServlet  : Initializing Servlet ''
2020-07-17 14:56:01.326  INFO 17596 --- [    Test worker] o.s.t.web.servlet.TestDispatcherServlet  : Completed initialization in 38 ms
2020-07-17 14:56:01.366  INFO 17596 --- [    Test worker] d.s.w.p.DocumentationPluginsBootstrapper : Context refreshed
2020-07-17 14:56:01.562  INFO 17596 --- [    Test worker] d.s.w.p.DocumentationPluginsBootstrapper : Found 1 custom documentation plugin(s)
2020-07-17 14:56:01.701  INFO 17596 --- [    Test worker] s.d.s.w.s.ApiListingReferenceScanner     : Scanning for api listing references
2020-07-17 14:56:02.276  INFO 17596 --- [    Test worker] .d.s.w.r.o.CachingOperationNameGenerator : Generating unique operation named: buscarUsingGET_1
2020-07-17 14:56:02.329  INFO 17596 --- [    Test worker] c.c.t.i.ControladorGarantiaTest          : Started ControladorGarantiaTest in 15.486 seconds (JVM running for 20.687)
]]></system-out>
  <system-err><![CDATA[]]></system-err>
</testsuite>
