<?xml version="1.0" encoding="UTF-8"?>
<testsuite name="com.ceiba.tiendatecnologica.infraestructura.ControladorProductoTest" tests="2" skipped="0" failures="0" errors="0" timestamp="2020-07-17T19:56:03" hostname="DESKTOP-F30ROVG" time="0.318">
  <properties/>
  <testcase name="crearProducto" classname="com.ceiba.tiendatecnologica.infraestructura.ControladorProductoTest" time="0.201"/>
  <testcase name="getProductoPorId" classname="com.ceiba.tiendatecnologica.infraestructura.ControladorProductoTest" time="0.115"/>
  <system-out><![CDATA[2020-07-17 14:56:03.217  INFO 17596 --- [    Test worker] .b.t.c.SpringBootTestContextBootstrapper : Neither @ContextConfiguration nor @ContextHierarchy found for test class [com.ceiba.tiendatecnologica.infraestructura.ControladorProductoTest], using SpringBootContextLoader
2020-07-17 14:56:03.218  INFO 17596 --- [    Test worker] o.s.t.c.support.AbstractContextLoader    : Could not detect default resource locations for test class [com.ceiba.tiendatecnologica.infraestructura.ControladorProductoTest]: no resource found for suffixes {-context.xml, Context.groovy}.
2020-07-17 14:56:03.218  INFO 17596 --- [    Test worker] t.c.s.AnnotationConfigContextLoaderUtils : Could not detect default configuration classes for test class [com.ceiba.tiendatecnologica.infraestructura.ControladorProductoTest]: ControladorProductoTest does not declare any static, non-private, non-final, nested classes annotated with @Configuration.
2020-07-17 14:56:03.222  INFO 17596 --- [    Test worker] .b.t.c.SpringBootTestContextBootstrapper : Found @SpringBootConfiguration com.ceiba.tiendatecnologica.TiendaTecnologicaApplication for test class com.ceiba.tiendatecnologica.infraestructura.ControladorProductoTest
2020-07-17 14:56:03.224  INFO 17596 --- [    Test worker] .b.t.c.SpringBootTestContextBootstrapper : Loaded default TestExecutionListener class names from location [META-INF/spring.factories]: [org.springframework.boot.test.autoconfigure.restdocs.RestDocsTestExecutionListener, org.springframework.boot.test.autoconfigure.web.client.MockRestServiceServerResetTestExecutionListener, org.springframework.boot.test.autoconfigure.web.servlet.MockMvcPrintOnlyOnFailureTestExecutionListener, org.springframework.boot.test.autoconfigure.web.servlet.WebDriverTestExecutionListener, org.springframework.boot.test.mock.mockito.MockitoTestExecutionListener, org.springframework.boot.test.mock.mockito.ResetMocksTestExecutionListener, org.springframework.test.context.web.ServletTestExecutionListener, org.springframework.test.context.support.DirtiesContextBeforeModesTestExecutionListener, org.springframework.test.context.support.DependencyInjectionTestExecutionListener, org.springframework.test.context.support.DirtiesContextTestExecutionListener, org.springframework.test.context.transaction.TransactionalTestExecutionListener, org.springframework.test.context.jdbc.SqlScriptsTestExecutionListener]
2020-07-17 14:56:03.224  INFO 17596 --- [    Test worker] .b.t.c.SpringBootTestContextBootstrapper : Using TestExecutionListeners: [org.springframework.test.context.web.ServletTestExecutionListener@bc78b69, org.springframework.test.context.support.DirtiesContextBeforeModesTestExecutionListener@1cd702b0, org.springframework.boot.test.mock.mockito.MockitoTestExecutionListener@3d84ff5b, org.springframework.boot.test.autoconfigure.SpringBootDependencyInjectionTestExecutionListener@22370cf0, org.springframework.test.context.support.DirtiesContextTestExecutionListener@159c471c, org.springframework.test.context.transaction.TransactionalTestExecutionListener@317a159d, org.springframework.test.context.jdbc.SqlScriptsTestExecutionListener@2b1e5ace, org.springframework.boot.test.autoconfigure.restdocs.RestDocsTestExecutionListener@315493d1, org.springframework.boot.test.autoconfigure.web.client.MockRestServiceServerResetTestExecutionListener@46878640, org.springframework.boot.test.autoconfigure.web.servlet.MockMvcPrintOnlyOnFailureTestExecutionListener@2730b5f0, org.springframework.boot.test.autoconfigure.web.servlet.WebDriverTestExecutionListener@7ea143f2, org.springframework.boot.test.mock.mockito.ResetMocksTestExecutionListener@6b7e8dec]

MockHttpServletRequest:
      HTTP Method = GET
      Request URI = /productos/PROD_001
       Parameters = {}
          Headers = [Accept:"application/json"]
             Body = null
    Session Attrs = {}

Handler:
             Type = com.ceiba.tiendatecnologica.infraestructura.controllador.ControladorProducto
           Method = public com.ceiba.tiendatecnologica.dominio.Producto com.ceiba.tiendatecnologica.infraestructura.controllador.ControladorProducto.buscar(java.lang.String)

Async:
    Async started = false
     Async result = null

Resolved Exception:
             Type = null

ModelAndView:
        View name = null
             View = null
            Model = null

FlashMap:
       Attributes = null

MockHttpServletResponse:
           Status = 200
    Error message = null
          Headers = [Content-Type:"application/json;charset=UTF-8"]
     Content type = application/json;charset=UTF-8
             Body = {"id":10,"codigo":"PROD_001","nombre":"COMPUTADOR","precio":1200000.0}
    Forwarded URL = null
   Redirected URL = null
          Cookies = []
]]></system-out>
  <system-err><![CDATA[]]></system-err>
</testsuite>
